
> frontend@0.1.0 build
> react-scripts build

Creating an optimized production build...
Failed to compile.

[eslint] 
src\pages\Ledger.js
  Line 8:22:  'useNavigate' is not defined  no-undef

Search for the keywords to learn more about each error.


npm ERR! Lifecycle script `build` failed with error: 
npm ERR! Error: command failed 
npm ERR!   in workspace: frontend@0.1.0 
npm ERR!   at location: C:\Users\pc\OneDrive\Desktop\Utility\swastik-gold-silver-lab\frontend 
